
12월 19, 2018 17:22:01.21 NEW SESSION
12월 19, 2018 17:22:01.21 [5436:12956:1219/172201.208:ERROR:in_progress_cache_impl.cc(203)] Cache is not initialized, cannot RetrieveEntry.
12월 19, 2018 17:22:01.21 [5436:12956:1219/172201.208:ERROR:in_progress_cache_impl.cc(203)] Cache is not initialized, cannot RetrieveEntry.
12월 19, 2018 17:22:01.22 [5436:12956:1219/172201.208:ERROR:in_progress_cache_impl.cc(203)] Cache is not initialized, cannot RetrieveEntry.
12월 19, 2018 17:22:01.22 [5436:12956:1219/172201.208:ERROR:in_progress_cache_impl.cc(203)] Cache is not initialized, cannot RetrieveEntry.
12월 19, 2018 17:22:01.22 [5436:12956:1219/172201.208:ERROR:in_progress_cache_impl.cc(203)] Cache is not initialized, cannot RetrieveEntry.
12월 19, 2018 17:22:01.22 [5436:12956:1219/172201.208:ERROR:in_progress_cache_impl.cc(203)] Cache is not initialized, cannot RetrieveEntry.
12월 19, 2018 17:22:01.22 [5436:12956:1219/172201.208:ERROR:in_progress_cache_impl.cc(203)] Cache is not initialized, cannot RetrieveEntry.
12월 19, 2018 17:22:01.22 [5436:12956:1219/172201.208:ERROR:in_progress_cache_impl.cc(203)] Cache is not initialized, cannot RetrieveEntry.
12월 19, 2018 17:22:01.23 [5436:12956:1219/172201.208:ERROR:in_progress_cache_impl.cc(203)] Cache is not initialized, cannot RetrieveEntry.
12월 19, 2018 17:22:01.23 [5436:12956:1219/172201.208:ERROR:in_progress_cache_impl.cc(203)] Cache is not initialized, cannot RetrieveEntry.
12월 19, 2018 17:22:01.23 [5436:12956:1219/172201.208:ERROR:in_progress_cache_impl.cc(203)] Cache is not initialized, cannot RetrieveEntry.
12월 19, 2018 17:22:01.24 [5436:12956:1219/172201.208:ERROR:in_progress_cache_impl.cc(203)] Cache is not initialized, cannot RetrieveEntry.
12월 19, 2018 17:22:01.24 [5436:12956:1219/172201.208:ERROR:in_progress_cache_impl.cc(203)] Cache is not initialized, cannot RetrieveEntry.
12월 19, 2018 17:22:01.24 [5436:12956:1219/172201.208:ERROR:in_progress_cache_impl.cc(203)] Cache is not initialized, cannot RetrieveEntry.
12월 19, 2018 17:22:01.24 [5436:12956:1219/172201.208:ERROR:in_progress_cache_impl.cc(203)] Cache is not initialized, cannot RetrieveEntry.
12월 19, 2018 17:22:01.24 [5436:12956:1219/172201.208:ERROR:in_progress_cache_impl.cc(203)] Cache is not initialized, cannot RetrieveEntry.
12월 19, 2018 17:22:01.24 [5436:12956:1219/172201.208:ERROR:in_progress_cache_impl.cc(203)] Cache is not initialized, cannot RetrieveEntry.
12월 19, 2018 17:22:01.24 [5436:12956:1219/172201.208:ERROR:in_progress_cache_impl.cc(203)] Cache is not initialized, cannot RetrieveEntry.
12월 19, 2018 17:22:01.24 [5436:12956:1219/172201.208:ERROR:in_progress_cache_impl.cc(203)] Cache is not initialized, cannot RetrieveEntry.
12월 19, 2018 17:22:01.24 [5436:12956:1219/172201.208:ERROR:in_progress_cache_impl.cc(203)] Cache is not initialized, cannot RetrieveEntry.
12월 19, 2018 17:22:01.25 [5436:12956:1219/172201.208:ERROR:in_progress_cache_impl.cc(203)] Cache is not initialized, cannot RetrieveEntry.
12월 19, 2018 17:22:01.25 [5436:12956:1219/172201.208:ERROR:in_progress_cache_impl.cc(203)] Cache is not initialized, cannot RetrieveEntry.
12월 19, 2018 17:22:01.25 [5436:12956:1219/172201.208:ERROR:in_progress_cache_impl.cc(203)] Cache is not initialized, cannot RetrieveEntry.
12월 19, 2018 17:22:01.25 [5436:12956:1219/172201.208:ERROR:in_progress_cache_impl.cc(203)] Cache is not initialized, cannot RetrieveEntry.
12월 19, 2018 17:22:01.25 [5436:12956:1219/172201.208:ERROR:in_progress_cache_impl.cc(203)] Cache is not initialized, cannot RetrieveEntry.
12월 19, 2018 17:22:01.26 [5436:12956:1219/172201.208:ERROR:in_progress_cache_impl.cc(203)] Cache is not initialized, cannot RetrieveEntry.
12월 19, 2018 17:22:06.94 
12월 19, 2018 17:22:06.94 KLIB_SelfTest return : KLR_OK
12월 19, 2018 17:23:42.84 [7788:8224:1219/172342.834:ERROR:in_progress_cache_impl.cc(203)] Cache is not initialized, cannot RetrieveEntry.
12월 19, 2018 17:23:42.86 [7788:8224:1219/172342.834:ERROR:in_progress_cache_impl.cc(203)] Cache is not initialized, cannot RetrieveEntry.
12월 19, 2018 17:23:42.86 [7788:8224:1219/172342.834:ERROR:in_progress_cache_impl.cc(203)] Cache is not initialized, cannot RetrieveEntry.
12월 19, 2018 17:23:42.86 [7788:8224:1219/172342.834:ERROR:in_progress_cache_impl.cc(203)] Cache is not initialized, cannot RetrieveEntry.
12월 19, 2018 17:23:42.86 [7788:8224:1219/172342.834:ERROR:in_progress_cache_impl.cc(203)] Cache is not initialized, cannot RetrieveEntry.
12월 19, 2018 17:23:42.86 [7788:8224:1219/172342.834:ERROR:in_progress_cache_impl.cc(203)] Cache is not initialized, cannot RetrieveEntry.
12월 19, 2018 17:23:42.86 [7788:8224:1219/172342.834:ERROR:in_progress_cache_impl.cc(203)] Cache is not initialized, cannot RetrieveEntry.
12월 19, 2018 17:23:42.86 [7788:8224:1219/172342.834:ERROR:in_progress_cache_impl.cc(203)] Cache is not initialized, cannot RetrieveEntry.
12월 19, 2018 17:23:42.86 [7788:8224:1219/172342.834:ERROR:in_progress_cache_impl.cc(203)] Cache is not initialized, cannot RetrieveEntry.
12월 19, 2018 17:23:42.86 [7788:8224:1219/172342.834:ERROR:in_progress_cache_impl.cc(203)] Cache is not initialized, cannot RetrieveEntry.
12월 19, 2018 17:23:42.87 [7788:8224:1219/172342.834:ERROR:in_progress_cache_impl.cc(203)] Cache is not initialized, cannot RetrieveEntry.
12월 19, 2018 17:23:42.87 [7788:8224:1219/172342.834:ERROR:in_progress_cache_impl.cc(203)] Cache is not initialized, cannot RetrieveEntry.
12월 19, 2018 17:23:42.87 [7788:8224:1219/172342.834:ERROR:in_progress_cache_impl.cc(203)] Cache is not initialized, cannot RetrieveEntry.
12월 19, 2018 17:23:42.87 [7788:8224:1219/172342.834:ERROR:in_progress_cache_impl.cc(203)] Cache is not initialized, cannot RetrieveEntry.
12월 19, 2018 17:23:42.87 [7788:8224:1219/172342.834:ERROR:in_progress_cache_impl.cc(203)] Cache is not initialized, cannot RetrieveEntry.
12월 19, 2018 17:23:42.87 [7788:8224:1219/172342.834:ERROR:in_progress_cache_impl.cc(203)] Cache is not initialized, cannot RetrieveEntry.
12월 19, 2018 17:23:42.87 [7788:8224:1219/172342.834:ERROR:in_progress_cache_impl.cc(203)] Cache is not initialized, cannot RetrieveEntry.
12월 19, 2018 17:23:42.87 [7788:8224:1219/172342.834:ERROR:in_progress_cache_impl.cc(203)] Cache is not initialized, cannot RetrieveEntry.
12월 19, 2018 17:23:42.87 [7788:8224:1219/172342.834:ERROR:in_progress_cache_impl.cc(203)] Cache is not initialized, cannot RetrieveEntry.
12월 19, 2018 17:23:42.87 [7788:8224:1219/172342.834:ERROR:in_progress_cache_impl.cc(203)] Cache is not initialized, cannot RetrieveEntry.
12월 19, 2018 17:23:42.87 [7788:8224:1219/172342.834:ERROR:in_progress_cache_impl.cc(203)] Cache is not initialized, cannot RetrieveEntry.
12월 19, 2018 17:23:42.87 [7788:8224:1219/172342.834:ERROR:in_progress_cache_impl.cc(203)] Cache is not initialized, cannot RetrieveEntry.
12월 19, 2018 17:23:42.87 [7788:8224:1219/172342.834:ERROR:in_progress_cache_impl.cc(203)] Cache is not initialized, cannot RetrieveEntry.
12월 19, 2018 17:23:42.87 [7788:8224:1219/172342.834:ERROR:in_progress_cache_impl.cc(203)] Cache is not initialized, cannot RetrieveEntry.
12월 19, 2018 17:23:42.88 [7788:8224:1219/172342.834:ERROR:in_progress_cache_impl.cc(203)] Cache is not initialized, cannot RetrieveEntry.
12월 19, 2018 17:23:42.88 [7788:8224:1219/172342.834:ERROR:in_progress_cache_impl.cc(203)] Cache is not initialized, cannot RetrieveEntry.
12월 19, 2018 17:23:49.74 
12월 19, 2018 17:23:49.75 KLIB_SelfTest return : KLR_OK

12월 24, 2018 13:48:24.61 NEW SESSION
12월 24, 2018 13:48:24.61 
12월 24, 2018 13:48:24.62 KLIB_SelfTest return : KLR_OK

12월 29, 2018 02:14:08.52 NEW SESSION
12월 29, 2018 02:14:08.52 [13692:17800:1229/021408.522:ERROR:in_progress_cache_impl.cc(203)] Cache is not initialized, cannot RetrieveEntry.
12월 29, 2018 02:14:08.53 [13692:17800:1229/021408.536:ERROR:in_progress_cache_impl.cc(203)] Cache is not initialized, cannot RetrieveEntry.
12월 29, 2018 02:14:08.54 [13692:17800:1229/021408.536:ERROR:in_progress_cache_impl.cc(203)] Cache is not initialized, cannot RetrieveEntry.
12월 29, 2018 02:14:08.54 [13692:17800:1229/021408.536:ERROR:in_progress_cache_impl.cc(203)] Cache is not initialized, cannot RetrieveEntry.
12월 29, 2018 02:14:08.54 [13692:17800:1229/021408.536:ERROR:in_progress_cache_impl.cc(203)] Cache is not initialized, cannot RetrieveEntry.
12월 29, 2018 02:14:08.54 [13692:17800:1229/021408.536:ERROR:in_progress_cache_impl.cc(203)] Cache is not initialized, cannot RetrieveEntry.
12월 29, 2018 02:14:08.54 [13692:17800:1229/021408.536:ERROR:in_progress_cache_impl.cc(203)] Cache is not initialized, cannot RetrieveEntry.
12월 29, 2018 02:15:47.97 
12월 29, 2018 02:15:47.97 KLIB_SelfTest return : KLR_OK
12월 29, 2018 02:17:57.30 [12732:7068:1229/021757.305:ERROR:in_progress_cache_impl.cc(203)] Cache is not initialized, cannot RetrieveEntry.
12월 29, 2018 02:17:57.32 [12732:7068:1229/021757.306:ERROR:in_progress_cache_impl.cc(203)] Cache is not initialized, cannot RetrieveEntry.
12월 29, 2018 02:17:57.32 [12732:7068:1229/021757.306:ERROR:in_progress_cache_impl.cc(203)] Cache is not initialized, cannot RetrieveEntry.
12월 29, 2018 02:17:57.33 [12732:7068:1229/021757.306:ERROR:in_progress_cache_impl.cc(203)] Cache is not initialized, cannot RetrieveEntry.
12월 29, 2018 02:17:57.33 [12732:7068:1229/021757.306:ERROR:in_progress_cache_impl.cc(203)] Cache is not initialized, cannot RetrieveEntry.
12월 29, 2018 02:17:57.34 [12732:7068:1229/021757.306:ERROR:in_progress_cache_impl.cc(203)] Cache is not initialized, cannot RetrieveEntry.
12월 29, 2018 02:17:57.34 [12732:7068:1229/021757.306:ERROR:in_progress_cache_impl.cc(203)] Cache is not initialized, cannot RetrieveEntry.
12월 29, 2018 02:18:16.07 
12월 29, 2018 02:18:16.07 KLIB_SelfTest return : KLR_OK
12월 29, 2018 02:19:00.72 [12636:6220:1229/021900.719:ERROR:in_progress_cache_impl.cc(203)] Cache is not initialized, cannot RetrieveEntry.
12월 29, 2018 02:19:00.72 [12636:6220:1229/021900.719:ERROR:in_progress_cache_impl.cc(203)] Cache is not initialized, cannot RetrieveEntry.
12월 29, 2018 02:19:00.73 [12636:6220:1229/021900.719:ERROR:in_progress_cache_impl.cc(203)] Cache is not initialized, cannot RetrieveEntry.
12월 29, 2018 02:19:00.73 [12636:6220:1229/021900.719:ERROR:in_progress_cache_impl.cc(203)] Cache is not initialized, cannot RetrieveEntry.
12월 29, 2018 02:19:00.73 [12636:6220:1229/021900.719:ERROR:in_progress_cache_impl.cc(203)] Cache is not initialized, cannot RetrieveEntry.
12월 29, 2018 02:19:00.73 [12636:6220:1229/021900.719:ERROR:in_progress_cache_impl.cc(203)] Cache is not initialized, cannot RetrieveEntry.
12월 29, 2018 02:19:00.73 [12636:6220:1229/021900.719:ERROR:in_progress_cache_impl.cc(203)] Cache is not initialized, cannot RetrieveEntry.
12월 29, 2018 02:19:08.77 
12월 29, 2018 02:19:08.77 KLIB_SelfTest return : KLR_OK
12월 29, 2018 02:20:27.42 [4228:7304:1229/022027.423:ERROR:in_progress_cache_impl.cc(203)] Cache is not initialized, cannot RetrieveEntry.
12월 29, 2018 02:20:27.43 [4228:7304:1229/022027.423:ERROR:in_progress_cache_impl.cc(203)] Cache is not initialized, cannot RetrieveEntry.
12월 29, 2018 02:20:27.44 [4228:7304:1229/022027.423:ERROR:in_progress_cache_impl.cc(203)] Cache is not initialized, cannot RetrieveEntry.
12월 29, 2018 02:20:27.45 [4228:7304:1229/022027.423:ERROR:in_progress_cache_impl.cc(203)] Cache is not initialized, cannot RetrieveEntry.
12월 29, 2018 02:20:27.46 [4228:7304:1229/022027.423:ERROR:in_progress_cache_impl.cc(203)] Cache is not initialized, cannot RetrieveEntry.
12월 29, 2018 02:20:27.47 [4228:7304:1229/022027.423:ERROR:in_progress_cache_impl.cc(203)] Cache is not initialized, cannot RetrieveEntry.
12월 29, 2018 02:20:27.47 [4228:7304:1229/022027.423:ERROR:in_progress_cache_impl.cc(203)] Cache is not initialized, cannot RetrieveEntry.
12월 29, 2018 02:20:32.80 
12월 29, 2018 02:20:32.80 KLIB_SelfTest return : KLR_OK
12월 29, 2018 02:22:44.53 [4852:6224:1229/022244.525:ERROR:in_progress_cache_impl.cc(203)] Cache is not initialized, cannot RetrieveEntry.
12월 29, 2018 02:22:44.53 [4852:6224:1229/022244.525:ERROR:in_progress_cache_impl.cc(203)] Cache is not initialized, cannot RetrieveEntry.
12월 29, 2018 02:22:44.53 [4852:6224:1229/022244.525:ERROR:in_progress_cache_impl.cc(203)] Cache is not initialized, cannot RetrieveEntry.
12월 29, 2018 02:22:44.54 [4852:6224:1229/022244.525:ERROR:in_progress_cache_impl.cc(203)] Cache is not initialized, cannot RetrieveEntry.
12월 29, 2018 02:22:44.54 [4852:6224:1229/022244.525:ERROR:in_progress_cache_impl.cc(203)] Cache is not initialized, cannot RetrieveEntry.
12월 29, 2018 02:22:44.54 [4852:6224:1229/022244.525:ERROR:in_progress_cache_impl.cc(203)] Cache is not initialized, cannot RetrieveEntry.
12월 29, 2018 02:22:44.54 [4852:6224:1229/022244.525:ERROR:in_progress_cache_impl.cc(203)] Cache is not initialized, cannot RetrieveEntry.
12월 29, 2018 03:37:44.14 
12월 29, 2018 03:37:44.14 KLIB_SelfTest return : KLR_OK
12월 29, 2018 03:37:55.09 [6692:17920:1229/033755.097:ERROR:in_progress_cache_impl.cc(203)] Cache is not initialized, cannot RetrieveEntry.
12월 29, 2018 03:37:55.10 [6692:17920:1229/033755.097:ERROR:in_progress_cache_impl.cc(203)] Cache is not initialized, cannot RetrieveEntry.
12월 29, 2018 03:37:55.10 [6692:17920:1229/033755.097:ERROR:in_progress_cache_impl.cc(203)] Cache is not initialized, cannot RetrieveEntry.
12월 29, 2018 03:37:55.10 [6692:17920:1229/033755.097:ERROR:in_progress_cache_impl.cc(203)] Cache is not initialized, cannot RetrieveEntry.
12월 29, 2018 03:37:55.11 [6692:17920:1229/033755.097:ERROR:in_progress_cache_impl.cc(203)] Cache is not initialized, cannot RetrieveEntry.
12월 29, 2018 03:37:55.11 [6692:17920:1229/033755.097:ERROR:in_progress_cache_impl.cc(203)] Cache is not initialized, cannot RetrieveEntry.
12월 29, 2018 03:37:55.11 [6692:17920:1229/033755.097:ERROR:in_progress_cache_impl.cc(203)] Cache is not initialized, cannot RetrieveEntry.
12월 29, 2018 03:37:55.11 [6692:17920:1229/033755.097:ERROR:in_progress_cache_impl.cc(203)] Cache is not initialized, cannot RetrieveEntry.
12월 29, 2018 03:38:01.69 
12월 29, 2018 03:38:01.69 KLIB_SelfTest return : KLR_OK
12월 29, 2018 03:38:16.53 [12204:8588:1229/033816.532:ERROR:in_progress_cache_impl.cc(203)] Cache is not initialized, cannot RetrieveEntry.
12월 29, 2018 03:38:16.54 [12204:8588:1229/033816.532:ERROR:in_progress_cache_impl.cc(203)] Cache is not initialized, cannot RetrieveEntry.
12월 29, 2018 03:38:16.54 [12204:8588:1229/033816.532:ERROR:in_progress_cache_impl.cc(203)] Cache is not initialized, cannot RetrieveEntry.
12월 29, 2018 03:38:16.55 [12204:8588:1229/033816.532:ERROR:in_progress_cache_impl.cc(203)] Cache is not initialized, cannot RetrieveEntry.
12월 29, 2018 03:38:16.55 [12204:8588:1229/033816.532:ERROR:in_progress_cache_impl.cc(203)] Cache is not initialized, cannot RetrieveEntry.
12월 29, 2018 03:38:16.55 [12204:8588:1229/033816.532:ERROR:in_progress_cache_impl.cc(203)] Cache is not initialized, cannot RetrieveEntry.
12월 29, 2018 03:38:16.56 [12204:8588:1229/033816.532:ERROR:in_progress_cache_impl.cc(203)] Cache is not initialized, cannot RetrieveEntry.
12월 29, 2018 03:38:16.56 [12204:8588:1229/033816.532:ERROR:in_progress_cache_impl.cc(203)] Cache is not initialized, cannot RetrieveEntry.
12월 29, 2018 03:38:22.59 
12월 29, 2018 03:38:22.59 KLIB_SelfTest return : KLR_OK

12월 29, 2018 04:47:32.89 NEW SESSION
12월 29, 2018 04:47:32.89 [5508:6840:1229/044732.887:ERROR:in_progress_cache_impl.cc(203)] Cache is not initialized, cannot RetrieveEntry.
12월 29, 2018 04:47:32.89 [5508:6840:1229/044732.887:ERROR:in_progress_cache_impl.cc(203)] Cache is not initialized, cannot RetrieveEntry.
12월 29, 2018 04:47:32.89 [5508:6840:1229/044732.887:ERROR:in_progress_cache_impl.cc(203)] Cache is not initialized, cannot RetrieveEntry.
12월 29, 2018 04:47:32.89 [5508:6840:1229/044732.887:ERROR:in_progress_cache_impl.cc(203)] Cache is not initialized, cannot RetrieveEntry.
12월 29, 2018 04:47:32.90 [5508:6840:1229/044732.887:ERROR:in_progress_cache_impl.cc(203)] Cache is not initialized, cannot RetrieveEntry.
12월 29, 2018 04:47:32.90 [5508:6840:1229/044732.887:ERROR:in_progress_cache_impl.cc(203)] Cache is not initialized, cannot RetrieveEntry.
12월 29, 2018 04:47:32.90 [5508:6840:1229/044732.887:ERROR:in_progress_cache_impl.cc(203)] Cache is not initialized, cannot RetrieveEntry.
12월 29, 2018 04:47:32.90 [5508:6840:1229/044732.887:ERROR:in_progress_cache_impl.cc(203)] Cache is not initialized, cannot RetrieveEntry.
12월 29, 2018 04:47:32.90 [5508:6840:1229/044732.887:ERROR:in_progress_cache_impl.cc(203)] Cache is not initialized, cannot RetrieveEntry.
12월 29, 2018 04:47:32.91 [5508:6840:1229/044732.887:ERROR:in_progress_cache_impl.cc(203)] Cache is not initialized, cannot RetrieveEntry.
12월 29, 2018 04:47:32.91 [5508:6840:1229/044732.887:ERROR:in_progress_cache_impl.cc(203)] Cache is not initialized, cannot RetrieveEntry.
12월 29, 2018 04:47:32.91 [5508:6840:1229/044732.887:ERROR:in_progress_cache_impl.cc(203)] Cache is not initialized, cannot RetrieveEntry.
12월 29, 2018 04:47:43.57 
12월 29, 2018 04:47:43.58 KLIB_SelfTest return : KLR_OK

6월 25, 2019 14:55:37.57 NEW SESSION
6월 25, 2019 14:55:37.57 [28404:19700:0625/145537.567:ERROR:gcm_channel_status_request.cc(151)] GCM channel request failed.
6월 25, 2019 15:01:36.20 [28404:33980:0625/150136.205:ERROR:browser_process_sub_thread.cc(221)] Waited 24 ms for network service
6월 25, 2019 15:01:36.27 
6월 25, 2019 15:01:36.27 KLIB_SelfTest return : KLR_OK
